2024-12-11 08:31:33,942 - INFO - Data load strted ....
2024-12-11 08:31:33,953 - INFO - Executing load_fact_sales function to load the fact_sales table
2024-12-11 08:31:33,962 - INFO - Executing load_inventory_fact function to load the fact_inventory table
2024-12-11 08:31:33,970 - INFO - Executing load_inventory_levels_by_store function to load the inventory_levels_by_store table
2024-12-11 08:31:33,973 - INFO - Executing load_monthly_sales_summary function to load the monthly_sales_summary table
2024-12-11 08:31:33,976 - INFO - Data load finsihed ....
2024-12-11 08:37:48,391 - INFO - Data load strted ....
2024-12-11 08:37:48,408 - INFO - Executing load_fact_sales function to load the fact_sales table
2024-12-11 08:37:48,426 - INFO - Executing load_inventory_fact function to load the fact_inventory table
2024-12-11 08:37:48,433 - INFO - Executing load_inventory_levels_by_store function to load the inventory_levels_by_store table
2024-12-11 08:37:48,437 - INFO - Executing load_monthly_sales_summary function to load the monthly_sales_summary table
2024-12-11 08:37:48,440 - INFO - Data load finsihed ....
2024-12-11 08:39:22,636 - INFO - Data load strted ....
2024-12-11 08:39:22,657 - INFO - Executing load_fact_sales function to load the fact_sales table
2024-12-11 08:39:22,675 - INFO - Executing load_inventory_fact function to load the fact_inventory table
2024-12-11 08:39:22,680 - INFO - Executing load_inventory_levels_by_store function to load the inventory_levels_by_store table
2024-12-11 08:39:22,682 - INFO - Executing load_monthly_sales_summary function to load the monthly_sales_summary table
2024-12-11 08:39:22,685 - INFO - Data load finsihed ....
2024-12-11 08:41:59,731 - INFO - Data load strted ....
2024-12-11 08:41:59,740 - INFO - Executing load_fact_sales function to load the fact_sales table
2024-12-11 08:41:59,783 - INFO - Executing load_inventory_fact function to load the fact_inventory table
2024-12-11 08:41:59,788 - INFO - Executing load_inventory_levels_by_store function to load the inventory_levels_by_store table
2024-12-11 08:41:59,791 - INFO - Executing load_inventory_fact function to load the fact_inventory table
2024-12-11 08:41:59,794 - INFO - Data load finsihed ....
2024-12-11 08:44:59,602 - INFO - Data load strted ....
2024-12-11 08:44:59,611 - INFO - Executing load_fact_sales function to load the fact_sales table
2024-12-11 08:44:59,638 - INFO - Executing load_inventory_fact function to load the fact_inventory table
2024-12-11 08:44:59,645 - INFO - Executing load_inventory_levels_by_store function to load the inventory_levels_by_store table
2024-12-11 08:44:59,653 - INFO - Executing load_inventory_fact function to load the fact_inventory table
2024-12-11 08:44:59,660 - INFO - Data load finsihed ....
2024-12-11 08:45:13,847 - INFO - Data load strted ....
2024-12-11 08:45:13,854 - INFO - Executing load_fact_sales function to load the fact_sales table
2024-12-11 08:45:13,867 - INFO - Executing load_inventory_fact function to load the fact_inventory table
2024-12-11 08:45:13,872 - INFO - Executing load_inventory_levels_by_store function to load the inventory_levels_by_store table
2024-12-11 08:45:13,877 - INFO - Executing load_inventory_fact function to load the fact_inventory table
2024-12-11 08:45:13,882 - INFO - Data load finsihed ....
2024-12-11 08:45:50,697 - INFO - Data load strted ....
2024-12-11 08:45:50,706 - INFO - Executing load_fact_sales function to load the fact_sales table
2024-12-11 08:45:50,748 - INFO - Executing load_inventory_fact function to load the fact_inventory table
2024-12-11 08:45:50,755 - INFO - Executing load_inventory_levels_by_store function to load the inventory_levels_by_store table
2024-12-11 08:45:50,765 - INFO - Executing load_inventory_fact function to load the fact_inventory table
2024-12-11 08:45:50,775 - INFO - Data load finsihed ....
2024-12-25 07:58:48,992 - INFO - Data load strted ....
2024-12-25 07:58:49,009 - INFO - Executing load_fact_sales function to load the fact_sales table
2024-12-25 07:58:49,040 - INFO - Executing load_inventory_fact function to load the fact_inventory table
2024-12-25 07:58:49,054 - INFO - Executing load_inventory_levels_by_store function to load the inventory_levels_by_store table
2024-12-25 07:58:49,075 - INFO - Executing load_inventory_fact function to load the fact_inventory table
2024-12-25 07:58:49,090 - INFO - Data load finsihed ....
2024-12-25 08:01:15,658 - INFO - Data load strted ....
2024-12-25 08:01:15,674 - INFO - Executing load_fact_sales function to load the fact_sales table
2024-12-25 08:01:15,705 - INFO - Executing load_inventory_fact function to load the fact_inventory table
2024-12-25 08:01:15,736 - INFO - Executing load_inventory_levels_by_store function to load the inventory_levels_by_store table
2024-12-25 08:01:15,767 - INFO - Executing load_inventory_fact function to load the fact_inventory table
2024-12-25 08:01:15,778 - INFO - Data load finsihed ....
